1.0.33-INSTALLER
MINIYACG Logger v1.0
[INFO] Preparing Windows...
[INFO] Loading CSS...
[INFO] Loading XML Settings Data...
[INFO] XML Settings Data Loaded!
[INFO] Loading CSS...
[INFO] Initializing XML Loader with path ./
[INFO] Loading XML Civs Data...
[INFO] Loading XML Techs Data...
[INFO] Loading file miniyacg-config-techs.xml...
[INFO] XML Techs Data Loaded!
[INFO] Loading XML Units Data...
[INFO] Loading file miniyacg-config-units.xml...
[INFO] XML Units Data Loaded!
[INFO] Loading XML Govs Data...
[INFO] Loading file miniyacg-config-goverments.xml...
[INFO] XML Goverments Data Loaded!
[INFO] Loading file miniyacg-config-civs.xml...
[INFO] XML Civs Data Loaded!
[INFO] Changing to Game Creation Window!
[INFO] Adding random civilization!
[INFO] Adding random civilization!
[INFO] Adding random civilization!
[INFO] Adding random civilization!
[INFO] Adding random civilization!
[INFO] Adding random civilization!
[INFO] Adding random civilization!
[INFO] Adding random civilization!
[INFO] Adding random civilization!
[INFO] Adding random civilization!
[INFO] Adding random civilization!
[INFO] Adding random civilization!
[INFO] Adding random civilization!
[INFO] Adding random civilization!
[INFO] Adding random civilization!
[INFO] Adding random civilization!
[INFO] Adding random civilization!
[INFO] Adding random civilization!
[INFO] Adding random civilization!
[INFO] Adding random civilization!
[INFO] Adding random civilization!
[INFO] Adding random civilization!
[INFO] Adding random civilization!
[INFO] Adding random civilization!
[INFO] Adding random civilization!
[INFO] Adding random civilization!
[WARNING] Too many players added - not enough civilizations!
[INFO] Adding random civilization!
[WARNING] Too many players added - not enough civilizations!
[INFO] Adding random civilization!
[WARNING] Too many players added - not enough civilizations!
[INFO] Adding random civilization!
[WARNING] Too many players added - not enough civilizations!
[INFO] Adding random civilization!
[WARNING] Too many players added - not enough civilizations!
[INFO] Adding random civilization!
[WARNING] Too many players added - not enough civilizations!
[INFO] Adding random civilization!
[WARNING] Too many players added - not enough civilizations!
[INFO] Adding random civilization!
[WARNING] Too many players added - not enough civilizations!
[INFO] Adding random civilization!
[WARNING] Too many players added - not enough civilizations!
[INFO] Adding random civilization!
[WARNING] Too many players added - not enough civilizations!
[INFO] Adding random civilization!
[WARNING] Too many players added - not enough civilizations!
[INFO] Adding random civilization!
[WARNING] Too many players added - not enough civilizations!
[INFO] Adding random civilization!
[WARNING] Too many players added - not enough civilizations!
[INFO] Adding random civilization!
[WARNING] Too many players added - not enough civilizations!
[INFO] Loading CSS...
[INFO] Showing Game Window...
[INFO] Starting XML Data Loading...
[WARNING] TO DO: Safety, If code crashes here check XML!
[INFO] Initializing XML Loader with path  
[INFO] Loading XML Tile Data...
[INFO] Loading file miniyacg-config-tiles.xml...
[INFO] XML Tile Data Loaded!
[INFO] Loading XML Techs Data...
[INFO] Loading file miniyacg-config-techs.xml...
[INFO] XML Techs Data Loaded!
[INFO] Loading XML Units Data...
[INFO] Loading file miniyacg-config-units.xml...
[INFO] XML Units Data Loaded!
[INFO] Loading XML Govs Data...
[INFO] Loading file miniyacg-config-goverments.xml...
[INFO] XML Goverments Data Loaded!
[INFO] Loading XML Civs Data...
[INFO] Loading XML Techs Data...
[INFO] Loading file miniyacg-config-techs.xml...
[INFO] XML Techs Data Loaded!
[INFO] Loading XML Units Data...
[INFO] Loading file miniyacg-config-units.xml...
[INFO] XML Units Data Loaded!
[INFO] Loading XML Govs Data...
[INFO] Loading file miniyacg-config-goverments.xml...
[INFO] XML Goverments Data Loaded!
[INFO] Loading file miniyacg-config-civs.xml...
[INFO] XML Civs Data Loaded!
[INFO] Loading XML Upgrades Data...
[INFO] Loading file miniyacg-config-upgrades.xml...
[INFO] XML Upgrades Data Loaded!
[INFO] XML Data Loaded!
[INFO] Adding 26 players!
[INFO] Players added!
[INFO] Generating map...
[INFO] Loading map from file!
[INFO] Loading map /home/leopoldkucinski/Dokumenty/yacg/maps/world-map.map...
[INFO] Loading finished!
[INFO] Loading map /home/leopoldkucinski/Dokumenty/yacg/maps/world-map.map...
[INFO] Loading finished!
[INFO] Loading starting positions...
[INFO] Player Chief Tribhuwana Wijayatunggadewi will start at position 94 38
[INFO] Player Chief Dasharatha will start at position 83 27
[INFO] Player Chief Stanisław August Poniatowski will start at position 61 18
[INFO] Player Chief Mongke Khan will start at position 86 17
[INFO] Player Chief Mithridates II will start at position 73 27
[INFO] Player Chief Yajaw Te' K'inich II will start at position 26 33
[INFO] Player Chief Cassander will start at position 63 23
[INFO] Player Chief Frederick I will start at position 59 18
[INFO] Player Chief Franklin Roosevelt will start at position 28 22
[INFO] Player Chief Askia Ishaq II will start at position 54 32
[INFO] Player King Huayna Capac will start at position 31 42
[INFO] Player Chief Marcus Aurelius will start at position 57 22
[INFO] Player Chief Peter the Great will start at position 65 17
[INFO] Player Chief Lolofakangalo will start at position 117 43
[INFO] Player Chief Republic will start at position 59 40
[INFO] Player Chief Anne will start at position 54 19
[INFO] Player Chief Indravarman I will start at position 87 31
[INFO] Player Chief Ammi-Saduqa will start at position 69 25
[INFO] Player Chief Rokujō will start at position 101 24
[INFO] Player Chief Henry V will start at position 53 17
[INFO] Player Chief Thutmose III will start at position 64 30
[INFO] Player Chief Hira Singh Dogra will start at position 80 23
[INFO] Player Chief Tewodros II will start at position 69 36
[INFO] Player Chief Raymond Poincaré will start at position 56 20
[INFO] Player Chief Tang Taizong will start at position 95 22
[INFO] Player Hoyenah Deskaheh will start at position 29 20
[INFO] Game Object Passed to Game Window!
[INFO] Screen resolution is 1920x1080
[INFO] Generating Map View...
[INFO] Map Size is 118 60
[INFO] Map View Generated!
[INFO] Updating Map...
[INFO] Map Updated!
[INFO] Update took: 2726,380423 ms
[INFO] Changing to Game Window!
[INFO] Loading CSS...
[INFO] Showing Dialog...
[INFO] Closing Game Window!
[INFO] Changing to Intro Window!
[INFO] Loading CSS...
[INFO] Initializing XML Loader with path ./
[INFO] Loading XML Civs Data...
[INFO] Loading XML Techs Data...
[INFO] Loading file miniyacg-config-techs.xml...
[INFO] XML Techs Data Loaded!
[INFO] Loading XML Units Data...
[INFO] Loading file miniyacg-config-units.xml...
[INFO] XML Units Data Loaded!
[INFO] Loading XML Govs Data...
[INFO] Loading file miniyacg-config-goverments.xml...
[INFO] XML Goverments Data Loaded!
[INFO] Loading file miniyacg-config-civs.xml...
[INFO] XML Civs Data Loaded!
[INFO] Changing to Game Creation Window!
[INFO] Adding random civilization!
[INFO] Adding random civilization!
[INFO] Adding random civilization!
[INFO] Adding random civilization!
[INFO] Adding random civilization!
[INFO] Adding random civilization!
[INFO] Adding random civilization!
[INFO] Adding random civilization!
[INFO] Adding random civilization!
[INFO] Adding random civilization!
[INFO] Adding random civilization!
[INFO] Adding random civilization!
[INFO] Adding random civilization!
[INFO] Adding random civilization!
[INFO] Adding random civilization!
[INFO] Adding random civilization!
[INFO] Adding random civilization!
[INFO] Adding random civilization!
[INFO] Adding random civilization!
[INFO] Adding random civilization!
[INFO] Adding random civilization!
[INFO] Adding random civilization!
[INFO] Adding random civilization!
[INFO] Adding random civilization!
[INFO] Adding random civilization!
[INFO] Adding random civilization!
[WARNING] Too many players added - not enough civilizations!
[INFO] Adding random civilization!
[WARNING] Too many players added - not enough civilizations!
[INFO] Adding random civilization!
[WARNING] Too many players added - not enough civilizations!
[INFO] Adding random civilization!
[WARNING] Too many players added - not enough civilizations!
[INFO] Adding random civilization!
[WARNING] Too many players added - not enough civilizations!
[INFO] Adding random civilization!
[WARNING] Too many players added - not enough civilizations!
[INFO] Adding random civilization!
[WARNING] Too many players added - not enough civilizations!
[INFO] Adding random civilization!
[WARNING] Too many players added - not enough civilizations!
[INFO] Adding random civilization!
[WARNING] Too many players added - not enough civilizations!
[INFO] Adding random civilization!
[WARNING] Too many players added - not enough civilizations!
[INFO] Adding random civilization!
[WARNING] Too many players added - not enough civilizations!
[INFO] Adding random civilization!
[WARNING] Too many players added - not enough civilizations!
[INFO] Adding random civilization!
[WARNING] Too many players added - not enough civilizations!
[INFO] Adding random civilization!
[WARNING] Too many players added - not enough civilizations!
[INFO] Adding random civilization!
[WARNING] Too many players added - not enough civilizations!
[INFO] Adding random civilization!
[WARNING] Too many players added - not enough civilizations!
[INFO] Adding random civilization!
[WARNING] Too many players added - not enough civilizations!
[INFO] Adding random civilization!
[WARNING] Too many players added - not enough civilizations!
[INFO] Adding random civilization!
[WARNING] Too many players added - not enough civilizations!
[INFO] Adding random civilization!
[WARNING] Too many players added - not enough civilizations!
[INFO] Loading CSS...
[INFO] Showing Game Window...
[INFO] Starting XML Data Loading...
[WARNING] TO DO: Safety, If code crashes here check XML!
[INFO] Initializing XML Loader with path  
[INFO] Loading XML Tile Data...
[INFO] Loading file miniyacg-config-tiles.xml...
[INFO] XML Tile Data Loaded!
[INFO] Loading XML Techs Data...
[INFO] Loading file miniyacg-config-techs.xml...
[INFO] XML Techs Data Loaded!
[INFO] Loading XML Units Data...
[INFO] Loading file miniyacg-config-units.xml...
[INFO] XML Units Data Loaded!
[INFO] Loading XML Govs Data...
[INFO] Loading file miniyacg-config-goverments.xml...
[INFO] XML Goverments Data Loaded!
[INFO] Loading XML Civs Data...
[INFO] Loading XML Techs Data...
[INFO] Loading file miniyacg-config-techs.xml...
[INFO] XML Techs Data Loaded!
[INFO] Loading XML Units Data...
[INFO] Loading file miniyacg-config-units.xml...
[INFO] XML Units Data Loaded!
[INFO] Loading XML Govs Data...
[INFO] Loading file miniyacg-config-goverments.xml...
[INFO] XML Goverments Data Loaded!
[INFO] Loading file miniyacg-config-civs.xml...
[INFO] XML Civs Data Loaded!
[INFO] Loading XML Upgrades Data...
[INFO] Loading file miniyacg-config-upgrades.xml...
[INFO] XML Upgrades Data Loaded!
[INFO] XML Data Loaded!
[INFO] Adding 26 players!
[INFO] Players added!
[INFO] Generating map...
[INFO] Map Generator
[INFO] Map Size X: 50 Y: 50
[INFO] Cleaning The Map...
[INFO] Map Clean!
[INFO] Continents: 10 Land Percentage: 50 Land Tiles: 1250
[INFO] Tiles Per Continent: 125
[INFO] Generating Continent at 1 33 Depth: 5
[INFO] Generating Continent at 12 33 Depth: 4
[INFO] Generating Continent at 5 33 Depth: 3
[INFO] Generating Continent at 5 36 Depth: 2
[INFO] Generating Continent at 15 29 Depth: 4
[INFO] Desert continent!
[INFO] Generating Continent at 15 40 Depth: 3
[INFO] Generating Continent at 8 40 Depth: 2
[INFO] Generating Continent at 8 37 Depth: 1
[INFO] Generating Continent at 33 45 Depth: 6
[INFO] Polar continent!
[INFO] Generating Continent at 44 45 Depth: 5
[INFO] Polar continent!
[INFO] Generating Continent at 44 49 Depth: 4
[INFO] Polar continent!
[INFO] Generating Continent at 46 49 Depth: 3
[INFO] Polar continent!
[INFO] Generating Continent at 46 7 Depth: 6
[INFO] Polar continent!
[INFO] Generating Continent at 46 18 Depth: 5
[INFO] Generating Continent at 46 11 Depth: 4
[INFO] Generating Continent at 42 11 Depth: 3
[INFO] Generating Continent at 3 13 Depth: 7
[INFO] Generating Continent at -8 13 Depth: 6
[INFO] Generating Continent at -12 13 Depth: 5
[INFO] Generating Continent at 37 35 Depth: 6
[INFO] Generating Continent at 37 46 Depth: 5
[INFO] Polar continent!
[INFO] Generating Continent at 37 51 Depth: 4
[INFO] Polar continent!
[INFO] Generating Continent at 37 53 Depth: 3
[INFO] Polar continent!
[INFO] Generating Continent at 12 2 Depth: 5
[INFO] Polar continent!
[INFO] Generating Continent at 12 13 Depth: 4
[INFO] Generating Continent at 12 7 Depth: 3
[INFO] Polar continent!
[INFO] Generating Continent at 11 9 Depth: 6
[INFO] Generating Continent at 11 -2 Depth: 5
[INFO] Polar continent!
[INFO] Generating Continent at 6 -2 Depth: 4
[INFO] Polar continent!
[INFO] Generating Continent at 6 0 Depth: 3
[INFO] Polar continent!
[INFO] Generating Continent at 35 15 Depth: 4
[INFO] Generating Continent at 35 26 Depth: 3
[INFO] Desert continent!
[INFO] Generating Continent at 35 31 Depth: 2
[INFO] Generating Continent at 35 33 Depth: 1
[INFO] Generating Continent at 1 39 Depth: 3
[INFO] Generating Continent at -10 39 Depth: 2
[INFO] Generating Continent at -10 45 Depth: 1
[INFO] Polar continent!
[ERROR] Map path not found
[WARNING] No starting positions found, this may not be an error!
[INFO] Assigning random starting positions...
[INFO] Player Chief Jayanegara will start at position 16 31
[INFO] Player Chief Shalishuka will start at position 6 21
[INFO] Player Chief Djoser will start at position 7 48
[INFO] Player Hoyenah Tadodaho will start at position 13 5
[INFO] Player Chief John IV will start at position 44 39
[INFO] Player Chief Nicholas I will start at position 20 13
[INFO] Player Chief Song Taizhu will start at position 44 18
[INFO] Player Chief Charles IX will start at position 47 10
[INFO] Player Chief Archelaus I will start at position 36 25
[INFO] Player Chief Yik'in Chan K'awiil will start at position 22 32
[INFO] Player Chief Kharak Singh will start at position 38 42
[INFO] Player Chief Alphonse Massamba-Débat will start at position 41 47
[INFO] Player Chief Józef Piłsudzki will start at position 21 29
[INFO] Player Chief Udayadityavarman II will start at position 22 34
[INFO] Player Chief Vespasian will start at position 22 39
[INFO] Player Chief Kaloa will start at position 21 15
[INFO] Player Chief Askia Ishaq I will start at position 16 45
[INFO] Player Chief Yagbe'u Seyon will start at position 47 44
[INFO] Player Chief John Kennedy will start at position 42 42
[INFO] Player Chief Nobunaga Oda will start at position 38 15
[INFO] Player Chief Ayurbarwada Buyantu Khan will start at position 17 41
[INFO] Player Chief Karaindash will start at position 13 16
[INFO] Player Chief Mithridates I will start at position 8 36
[INFO] Player King Sayri Túpac will start at position 43 44
[INFO] Player Chief George VI will start at position 40 24
[INFO] Player Chief Otto von Bismarck will start at position 44 37
[INFO] Game Object Passed to Game Window!
[INFO] Screen resolution is 1920x1080
[WARNING] Map may not be big enough to fit on screen...
[INFO] Generating Map View...
[INFO] Map Size is 50 50
[INFO] Map View Generated!
[INFO] Updating Map...
[INFO] Map Updated!
[INFO] Update took: 1559,205998 ms
[INFO] Changing to Game Window!
[INFO] Closing Game Window!
[INFO] Changing to Intro Window!
[INFO] Loading CSS...
[INFO] Initializing XML Loader with path ./
[INFO] Loading XML Civs Data...
[INFO] Loading XML Techs Data...
[INFO] Loading file miniyacg-config-techs.xml...
[INFO] XML Techs Data Loaded!
[INFO] Loading XML Units Data...
[INFO] Loading file miniyacg-config-units.xml...
[INFO] XML Units Data Loaded!
[INFO] Loading XML Govs Data...
[INFO] Loading file miniyacg-config-goverments.xml...
[INFO] XML Goverments Data Loaded!
[INFO] Loading file miniyacg-config-civs.xml...
[INFO] XML Civs Data Loaded!
[INFO] Changing to Game Creation Window!
[INFO] Adding random civilization!
[INFO] Adding random civilization!
[INFO] Adding random civilization!
[INFO] Adding random civilization!
[INFO] Adding random civilization!
[INFO] Adding random civilization!
[INFO] Adding random civilization!
[INFO] Adding random civilization!
[INFO] Adding random civilization!
[INFO] Adding random civilization!
[INFO] Adding random civilization!
[INFO] Adding random civilization!
[INFO] Adding random civilization!
[INFO] Adding random civilization!
[INFO] Adding random civilization!
[INFO] Adding random civilization!
[INFO] Adding random civilization!
[INFO] Adding random civilization!
[INFO] Adding random civilization!
[INFO] Adding random civilization!
[INFO] Adding random civilization!
[INFO] Adding random civilization!
[INFO] Adding random civilization!
[INFO] Adding random civilization!
[INFO] Adding random civilization!
[INFO] Loading CSS...
[INFO] Showing Game Window...
[INFO] Starting XML Data Loading...
[WARNING] TO DO: Safety, If code crashes here check XML!
[INFO] Initializing XML Loader with path  
[INFO] Loading XML Tile Data...
[INFO] Loading file miniyacg-config-tiles.xml...
[INFO] XML Tile Data Loaded!
[INFO] Loading XML Techs Data...
[INFO] Loading file miniyacg-config-techs.xml...
[INFO] XML Techs Data Loaded!
[INFO] Loading XML Units Data...
[INFO] Loading file miniyacg-config-units.xml...
[INFO] XML Units Data Loaded!
[INFO] Loading XML Govs Data...
[INFO] Loading file miniyacg-config-goverments.xml...
[INFO] XML Goverments Data Loaded!
[INFO] Loading XML Civs Data...
[INFO] Loading XML Techs Data...
[INFO] Loading file miniyacg-config-techs.xml...
[INFO] XML Techs Data Loaded!
[INFO] Loading XML Units Data...
[INFO] Loading file miniyacg-config-units.xml...
[INFO] XML Units Data Loaded!
[INFO] Loading XML Govs Data...
[INFO] Loading file miniyacg-config-goverments.xml...
[INFO] XML Goverments Data Loaded!
[INFO] Loading file miniyacg-config-civs.xml...
[INFO] XML Civs Data Loaded!
[INFO] Loading XML Upgrades Data...
[INFO] Loading file miniyacg-config-upgrades.xml...
[INFO] XML Upgrades Data Loaded!
[INFO] XML Data Loaded!
[INFO] Adding 26 players!
[INFO] Players added!
[INFO] Generating map...
[INFO] Loading map from file!
[INFO] Loading map /home/leopoldkucinski/Dokumenty/yacg/maps/world-map.map...
[INFO] Loading finished!
[INFO] Loading map /home/leopoldkucinski/Dokumenty/yacg/maps/world-map.map...
[INFO] Loading finished!
[INFO] Loading starting positions...
[INFO] Player Chief Tribhuwana Wijayatunggadewi will start at position 94 38
[INFO] Player Chief Yagbe'u Seyon will start at position 68 36
[INFO] Player Chief George VI will start at position 53 17
[INFO] Player Chief Mieszko I will start at position 61 18
[INFO] Player Chief Archelaus I will start at position 62 23
[INFO] Player Chief John IV will start at position 54 19
[INFO] Player Chief Cyrus the Great will start at position 73 27
[INFO] Player Chief Otto von Bismarck will start at position 59 18
[INFO] Player King Sayri Túpac will start at position 31 42
[INFO] Player Chief Rokujō will start at position 100 24
[INFO] Player Chief Udayadityavarman II will start at position 87 31
[INFO] Player Chief Kharak Singh will start at position 79 23
[INFO] Player Chief Djoser will start at position 64 30
[INFO] Player Chief Karaindash will start at position 69 25
[INFO] Player Chief Chandragupta will start at position 83 27
[INFO] Player Chief John Kennedy will start at position 28 22
[INFO] Player Chief Kaloa will start at position 117 43
[INFO] Player Chief Ayurbarwada Buyantu Khan will start at position 86 17
[INFO] Player Chief Nicholas I will start at position 65 17
[INFO] Player Chief Hugo Kapet will start at position 56 20
[INFO] Player Hoyenah Deskaheh will start at position 28 20
[INFO] Player Chief Alfons I will start at position 59 40
[INFO] Player Chief Song Taizhu will start at position 95 22
[INFO] Player Chief Yik'in Chan K'awiil will start at position 26 33
[INFO] Player Chief Vespasian will start at position 57 22
[INFO] Player Chief Sonni Baru will start at position 54 32
[INFO] Game Object Passed to Game Window!
[INFO] Screen resolution is 1920x1080
[INFO] Generating Map View...
[INFO] Map Size is 118 60
[INFO] Map View Generated!
[INFO] Updating Map...
[INFO] Map Updated!
[INFO] Update took: 2643,643621 ms
[INFO] Changing to Game Window!
[INFO] Closing Game Window!
[INFO] Changing to Intro Window!
[INFO] Exiting...
[INFO] Closing Game!
